Arguments: 
  /home/john/.nvm/versions/node/v12.16.0/bin/node /usr/share/yarn/bin/yarn.js add CircularProgressbar

PATH: 
  /home/john/.zinit/polaris/bin:/home/john/.nvm/versions/node/v12.16.0/bin:/usr/local/sbin:/usr/local/bin:/usr/sbin:/usr/bin:/sbin:/bin:/usr/games:/usr/local/games:/snap/bin:/home/john/Android/Sdk/emulator:/home/john/Android/Sdk/tools:/home/john/Android/Sdk/tools/bin:/home/john/Android/Sdk/platform-tools:/home/john/android-studio/bin:/home/john/Android/Sdk/emulator:/home/john/Android/Sdk/tools:/home/john/Android/Sdk/tools/bin:/home/john/Android/Sdk/platform-tools:/home/john/android-studio/bin

Yarn version: 
  1.22.1

Node version: 
  12.16.0

Platform: 
  linux x64

Trace: 
  Error: https://registry.yarnpkg.com/CircularProgressbar: Not found
      at Request.params.callback [as _callback] (/usr/share/yarn/lib/cli.js:66982:18)
      at Request.self.callback (/usr/share/yarn/lib/cli.js:140743:22)
      at Request.emit (events.js:321:20)
      at Request.<anonymous> (/usr/share/yarn/lib/cli.js:141715:10)
      at Request.emit (events.js:321:20)
      at IncomingMessage.<anonymous> (/usr/share/yarn/lib/cli.js:141637:12)
      at Object.onceWrapper (events.js:427:28)
      at IncomingMessage.emit (events.js:333:22)
      at endReadableNT (_stream_readable.js:1204:12)
      at processTicksAndRejections (internal/process/task_queues.js:84:21)

npm manifest: 
  {
    "dependencies": {
      "filesize": "^6.1.0",
      "lodash": "^4.17.15",
      "react-circular-progressbar": "^2.0.3",
      "react-dropzone": "^11.0.1",
      "react-redux": "^7.2.0"
    }
  }

yarn manifest: 
  No manifest

Lockfile: 
  # THIS IS AN AUTOGENERATED FILE. DO NOT EDIT THIS FILE DIRECTLY.
  # yarn lockfile v1
  
  
  "@babel/runtime@^7.5.5":
    version "7.9.2"
    resolved "https://registry.yarnpkg.com/@babel/runtime/-/runtime-7.9.2.tgz#d90df0583a3a252f09aaa619665367bae518db06"
    integrity sha512-NE2DtOdufG7R5vnfQUTehdTfNycfUANEtCa9PssN9O/xmTzP4E08UI797ixaei6hBEVL9BI/PsdJS5x7mWoB9Q==
    dependencies:
      regenerator-runtime "^0.13.4"
  
  attr-accept@^2.0.0:
    version "2.1.0"
    resolved "https://registry.yarnpkg.com/attr-accept/-/attr-accept-2.1.0.tgz#a231a854385d36ff7a99647bb77b33c8a5175aee"
    integrity sha512-sLzVM3zCCmmDtDNhI0i96k6PUztkotSOXqE4kDGQt/6iDi5M+H0srjeF+QC6jN581l4X/Zq3Zu/tgcErEssavg==
  
  file-selector@^0.1.12:
    version "0.1.12"
    resolved "https://registry.yarnpkg.com/file-selector/-/file-selector-0.1.12.tgz#fe726547be219a787a9dcc640575a04a032b1fd0"
    integrity sha512-Kx7RTzxyQipHuiqyZGf+Nz4vY9R1XGxuQl/hLoJwq+J4avk/9wxxgZyHKtbyIPJmbD4A66DWGYfyykWNpcYutQ==
    dependencies:
      tslib "^1.9.0"
  
  filesize@^6.1.0:
    version "6.1.0"
    resolved "https://registry.yarnpkg.com/filesize/-/filesize-6.1.0.tgz#e81bdaa780e2451d714d71c0d7a4f3238d37ad00"
    integrity sha512-LpCHtPQ3sFx67z+uh2HnSyWSLLu5Jxo21795uRDuar/EOuYWXib5EmPaGIBuSnRqH2IODiKA2k5re/K9OnN/Yg==
  
  hoist-non-react-statics@^3.3.0:
    version "3.3.2"
    resolved "https://registry.yarnpkg.com/hoist-non-react-statics/-/hoist-non-react-statics-3.3.2.tgz#ece0acaf71d62c2969c2ec59feff42a4b1a85b45"
    integrity sha512-/gGivxi8JPKWNm/W0jSmzcMPpfpPLc3dY/6GxhX2hQ9iGj3aDfklV4ET7NjKpSinLpJ5vafa9iiGIEZg10SfBw==
    dependencies:
      react-is "^16.7.0"
  
  "js-tokens@^3.0.0 || ^4.0.0":
    version "4.0.0"
    resolved "https://registry.yarnpkg.com/js-tokens/-/js-tokens-4.0.0.tgz#19203fb59991df98e3a287050d4647cdeaf32499"
    integrity sha512-RdJUflcE3cUzKiMqQgsCu06FPu9UdIJO0beYbPhHN4k6apgJtifcoCtT9bcxOpYBtpD2kCM6Sbzg4CausW/PKQ==
  
  lodash@^4.17.15:
    version "4.17.15"
    resolved "https://registry.yarnpkg.com/lodash/-/lodash-4.17.15.tgz#b447f6670a0455bbfeedd11392eff330ea097548"
    integrity sha512-8xOcRHvCjnocdS5cpwXQXVzmmh5e5+saE2QGoeQmbKmRS6J3VQppPOIt0MnmE+4xlZoumy0GPG0D0MVIQbNA1A==
  
  loose-envify@^1.4.0:
    version "1.4.0"
    resolved "https://registry.yarnpkg.com/loose-envify/-/loose-envify-1.4.0.tgz#71ee51fa7be4caec1a63839f7e682d8132d30caf"
    integrity sha512-lyuxPGr/Wfhrlem2CL/UcnUc1zcqKAImBDzukY7Y5F/yQiNdko6+fRLevlw1HgMySw7f611UIY408EtxRSoK3Q==
    dependencies:
      js-tokens "^3.0.0 || ^4.0.0"
  
  object-assign@^4.1.1:
    version "4.1.1"
    resolved "https://registry.yarnpkg.com/object-assign/-/object-assign-4.1.1.tgz#2109adc7965887cfc05cbbd442cac8bfbb360863"
    integrity sha1-IQmtx5ZYh8/AXLvUQsrIv7s2CGM=
  
  prop-types@^15.7.2:
    version "15.7.2"
    resolved "https://registry.yarnpkg.com/prop-types/-/prop-types-15.7.2.tgz#52c41e75b8c87e72b9d9360e0206b99dcbffa6c5"
    integrity sha512-8QQikdH7//R2vurIJSutZ1smHYTcLpRWEOlHnzcWHmBYrOGUysKwSsrC89BCiFj3CbrfJ/nXFdJepOVrY1GCHQ==
    dependencies:
      loose-envify "^1.4.0"
      object-assign "^4.1.1"
      react-is "^16.8.1"
  
  react-circular-progressbar@^2.0.3:
    version "2.0.3"
    resolved "https://registry.yarnpkg.com/react-circular-progressbar/-/react-circular-progressbar-2.0.3.tgz#fa8eb59f8db168d2904bae4590641792c80f5991"
    integrity sha512-YKN+xAShXA3gYihevbQZbavfiJxo83Dt1cUxqg/cltj4VVsRQpDr7Fg1mvjDG3x1KHGtd9NmYKvJ2mMrPwbKyw==
  
  react-dropzone@^11.0.1:
    version "11.0.1"
    resolved "https://registry.yarnpkg.com/react-dropzone/-/react-dropzone-11.0.1.tgz#c8b6a6ed02576e5365af2e2a3f3b31df31feb213"
    integrity sha512-x/6wqRHaR8jsrNiu/boVMIPYuoxb83Vyfv77hO7/3ZRn8Pr+KH5onsCsB8MLBa3zdJl410C5FXPUINbu16XIzw==
    dependencies:
      attr-accept "^2.0.0"
      file-selector "^0.1.12"
      prop-types "^15.7.2"
  
  react-is@^16.7.0, react-is@^16.8.1, react-is@^16.9.0:
    version "16.13.1"
    resolved "https://registry.yarnpkg.com/react-is/-/react-is-16.13.1.tgz#789729a4dc36de2999dc156dd6c1d9c18cea56a4"
    integrity sha512-24e6ynE2H+OKt4kqsOvNd8kBpV65zoxbA4BVsEOB3ARVWQki/DHzaUoC5KuON/BiccDaCCTZBuOcfZs70kR8bQ==
  
  react-redux@^7.2.0:
    version "7.2.0"
    resolved "https://registry.yarnpkg.com/react-redux/-/react-redux-7.2.0.tgz#f970f62192b3981642fec46fd0db18a074fe879d"
    integrity sha512-EvCAZYGfOLqwV7gh849xy9/pt55rJXPwmYvI4lilPM5rUT/1NxuuN59ipdBksRVSvz0KInbPnp4IfoXJXCqiDA==
    dependencies:
      "@babel/runtime" "^7.5.5"
      hoist-non-react-statics "^3.3.0"
      loose-envify "^1.4.0"
      prop-types "^15.7.2"
      react-is "^16.9.0"
  
  regenerator-runtime@^0.13.4:
    version "0.13.5"
    resolved "https://registry.yarnpkg.com/regenerator-runtime/-/regenerator-runtime-0.13.5.tgz#d878a1d094b4306d10b9096484b33ebd55e26697"
    integrity sha512-ZS5w8CpKFinUzOwW3c83oPeVXoNsrLsaCoLtJvAClH135j/R77RuymhiSErhm2lKcwSCIpmvIWSbDkIfAqKQlA==
  
  tslib@^1.9.0:
    version "1.11.1"
    resolved "https://registry.yarnpkg.com/tslib/-/tslib-1.11.1.tgz#eb15d128827fbee2841549e171f45ed338ac7e35"
    integrity sha512-aZW88SY8kQbU7gpV19lN24LtXh/yD4ZZg6qieAJDDg+YBsJcSmLGK9QpnUjAKVG/xefmvJGd1WUmfpT/g6AJGA==
